9.504874725276906133e-01,1.986129073595267585e+02
6.565271222633766612e+00,1.995525614488426811e+02
1.350698735032992559e+01,2.087603502104580002e+02
8.514731917646042092e+00,1.999603223374028858e+02
1.282962070076207226e+02,1.011578417078990526e+02
1.284892467368195810e+02,9.547918840973768795e+01
3.784145752966605869e+01,9.560626359725198142e+01
1.317704382960137650e+02,1.067027240093377998e+02
3.962063933212302658e+01,9.944952562814891905e+01
9.292116923694979391e+01,1.023604516645661846e+02
7.638704086814682626e+01,1.067203852627966825e+02
1.175334764334710655e+02,1.051912497103600828e+02
9.624124410855895917e+01,1.032002848779586657e+02
1.314688938755546133e+02,1.021122002570646004e+02
1.168416901601687385e+02,9.260849173231083853e+01
8.436162095404971240e+01,1.116655874395394648e+02
1.011143429495202923e+02,9.804552755641337569e+01
6.656619327683793585e+01,9.798274273780886290e+01
1.345868121902432222e+02,9.391852409644285160e+01
4.021793252690380882e+01,1.099419448895565523e+02
8.816800274837525819e+01,9.233556196583329267e+01
5.104247412676076578e+01,9.260335285631460067e+01
9.470741365717654503e+01,9.358702869986413475e+01
1.047136045942443303e+02,9.915556157419240435e+01
8.934934440488109431e+01,1.035537535413659498e+02
1.168879902024010278e+02,1.036174213780000173e+02
1.392005705582538724e+02,1.012195512836368891e+02
1.032849842899300086e+02,1.065121834734439688e+02
1.360719901386004267e+02,9.738660900204521909e+01
3.801937505852325216e+01,1.036170791095658927e+02
4.142048067034887993e+01,1.089777775078424753e+02
4.609611729037324324e+01,9.320329565600945898e+01
6.173252837936740178e+01,9.962093340738628910e+01
1.390723514304767150e+02,9.844577373907485196e+01
8.977714210857094201e+01,8.853081863508992910e+01
3.309428585768422693e+01,9.219879037300860602e+01
6.774362279878363324e+01,1.020055645962631843e+02
3.573433845408484899e+01,1.091228388214295819e+02
1.098781318808140810e+02,1.057887228752717022e+02
1.271749988113479617e+02,9.174942097749693914e+01
8.515579619183897364e+01,1.022741199717641507e+02
8.096788480337420424e+01,9.562919712367201441e+01
1.100197553101728829e+02,9.451173321425429208e+01
3.624639816202905962e+01,1.019686114120038241e+02
1.354138409386033857e+02,8.917620071714293317e+01
1.328484323180518345e+02,9.917229354425040810e+01
1.370454845674244950e+02,9.025979386204126342e+01
9.281135186637450829e+01,9.536421620898970275e+01
3.773120070462083930e+01,1.041739011354547984e+02
5.622313974552269400e+01,9.722333148533053304e+01
7.574867645254323634e+01,1.057555121925731498e+02
1.068118676322345522e+02,9.339677124944644504e+01
5.162443860069031132e+01,1.000419721299083164e+02
8.082273590605419145e+01,9.853450983496858839e+01
8.757251720834301523e+01,9.074776994070136027e+01
1.399130274598504116e+02,1.090275354654943101e+02
4.038880686420419153e+01,9.856015530467881547e+01
7.930210628756475444e+01,1.068041743726811035e+02
4.182539686502865095e+01,9.966682372900226028e+01
1.391155349793678226e+02,9.725972891032343171e+01
1.126326011372545679e+02,1.038603000308133772e+02
6.041609056536753997e+01,9.296267642475072535e+01
9.742935216324158887e+01,1.050125026323068624e+02
3.116019812144592649e+01,1.157687730874007030e+02
8.481773363863388226e+01,1.093102369820937554e+02
1.385140330996999296e+02,9.562525739331228181e+01
8.392970897385262674e+01,9.704812705135317685e+01
5.255449990282426143e+01,9.071020401858699245e+01
6.251838492634658451e+01,9.416135909100607648e+01
7.485744439515433157e+01,1.001301468444636384e+02
1.267007986448451646e+02,1.086696270641024995e+02
1.314047927128896447e+02,1.023684145458697117e+02
4.824013289611792743e+01,8.945340172572959148e+01
1.278387435878115923e+02,1.074274587043845486e+02
5.254927422645793911e+01,1.009636857186546877e+02
8.292532225106535293e+01,9.642788958313074943e+01
7.728056505566004830e+01,9.400749963295056943e+01
4.621298720426258910e+01,1.013412205417007925e+02
1.256574668531343377e+02,1.001376580351551553e+02
9.296742757204023633e+01,1.015266842478598335e+02
1.013682812738156400e+02,1.013818271506130344e+02
1.108977923346569270e+02,9.176858268813333552e+01
8.634222701820274892e+01,1.073372114338166341e+02
5.957560562445190300e+01,9.491839117974555506e+01
1.222234883253671853e+02,1.004758058586802463e+02
1.191984371459915195e+02,9.771372803325816392e+01
1.372255498361961941e+02,1.099955370658128260e+02
3.756980036032678782e+01,9.823840002944592698e+01
5.188680545185336257e+01,1.027530630840327177e+02
4.779066363921546667e+01,1.059079935463624054e+02
4.518044951946978927e+01,9.887182318901226097e+01
7.701759419046669564e+01,1.047359270996490181e+02
6.143297000747289616e+01,9.262579777649166601e+01
8.189011341663535859e+01,9.738925726303621389e+01
1.221742905326696444e+02,9.744990191033221549e+01
9.628582703172563129e+01,1.088727476124407332e+02
8.012656266415308437e+01,9.374616309338648534e+01
5.382619205314276201e+01,9.995040157930638713e+01
3.399308510676655715e+01,9.626708299715667749e+01
1.110702587898332041e+02,9.303641297658734288e+01
4.285730552899065060e+01,1.019178057942334306e+02
7.160435144958150033e+01,1.034882080858601086e+02
1.305901484987123240e+02,9.408508427670555818e+01
6.632021197734613338e+01,9.736728491865476087e+01
1.375092055827165893e+01,1.105633903823856201e+02
2.504917341294339650e+01,1.006254345229652643e+02
8.282700679840251823e+00,9.724798942219746323e+01
3.117489957326846639e+00,9.735021250390911973e+01
5.482709979999040861e+00,9.553314703998246671e+01
1.419696369471453323e+01,1.052379421394553987e+02
2.026646323643067404e+01,8.887995201543785129e+01
6.611965286875916448e+00,9.496306749733257391e+01
2.741522475314648588e+01,9.859373037589776345e+01
1.962828664276840485e+01,9.971718349822744187e+01
1.038393488466043912e+01,1.042021844293459765e+02
1.993333632311267323e+01,9.571618312262175721e+01
1.100431368316630909e+01,9.518076251854223813e+01
3.118926095577777780e+00,1.041511923282396452e+02
2.032180927747922539e+01,1.018010750654367484e+02
3.672794612978884654e+00,9.595666999164549793e+01
1.114298495063035510e+01,9.706590124491098948e+01
7.341841846250840575e+00,9.592794162922463386e+01
2.184766764759258706e+01,1.007283436671295505e+02
2.855928961913001274e+01,1.058606205770958866e+02
1.630914560435855876e+01,1.016827645033020389e+02
2.824097202530681727e+01,1.051613997874488007e+02
5.270516802163699666e+00,9.872601294986610299e+01
5.299944219702541481e+00,9.388010349435818114e+01
5.678053905051996253e+00,1.083940845188532194e+02
1.412018321067186477e+01,1.019241193821814306e+02
2.611401426200302822e+01,1.088838238149688635e+02
2.728659825302687381e+01,1.001709872553825562e+02
1.052702005319641643e+01,1.053023353421296946e+02
1.457749983219529355e+01,9.436041902457185415e+01
2.377966432233965932e+01,9.404593996604118900e+01
9.230654780434145223e+00,9.869144987465217866e+01
2.648086528290838615e+01,1.019281244904951222e+02
1.328395441466220817e+01,9.818737287281504678e+01
1.629314762412460027e+01,9.621761696489359394e+01
2.332313058107410342e+01,9.433123100839947028e+01
2.901677476892980323e+01,9.870196335800469001e+01
2.467750159385707676e+01,9.010470323723937724e+01
1.736146830787523143e+01,9.200070603956284288e+01
2.612633242522175792e+01,9.856786936507248242e+01
1.152905906097686506e+00,9.562756249241213879e+01
3.701875155797166528e+00,1.092746663460252421e+02
6.366242009771444721e+00,9.349440403044189907e+01
7.716965012799882118e+00,9.714093534039126610e+01
1.578958385566073819e+00,9.539413451022076629e+01
2.823466405969867754e+00,9.687203594228333259e+01
1.060329027998802864e+01,9.237800913109586531e+01
1.674820376209246575e+01,1.017892317500145936e+02
2.750814690511138139e+01,9.422546632543608780e+01
1.784071691716575003e+01,9.374237920259257351e+01
2.566114113465041413e+01,1.009107497397485247e+02
2.615449117311024452e+01,1.043168823579434843e+02
1.600523561762025793e+01,9.896999154024263134e+01
1.011665368992352576e+01,9.880017472263111245e+01
2.463175356324356713e+01,1.032295632200333557e+02
2.995743722990205171e+01,9.951719339489187632e+01
1.317876189310201873e+01,1.032045850603158073e+02
2.752409120985181445e+01,9.921913289984664175e+01
1.953414078004421128e+01,9.914140054069578412e+01
2.118767595817174865e+01,9.019115584300644173e+01
2.677668267459123541e+01,9.863439337392861717e+01
4.368560303630031783e+00,9.375787694204933587e+01
2.907959712783950579e+01,1.046994151113157727e+02
1.827688951085733038e+01,9.653226644503428133e+01
4.370686153268258600e+00,9.609682886306949001e+01
1.610736493533325486e+01,9.570851474435289674e+01
1.372374989971557824e+01,1.006752257777714874e+02
1.729999645595277613e+01,1.002328610329297760e+02
7.390486791091708696e+00,8.508731326463605171e+01
2.248898697122996992e+01,9.684410429279915888e+01
1.644033098825720529e+01,9.340849961624034847e+01
1.224227612010477095e+01,9.791661946046146170e+01
6.183234063133577152e+00,1.002843596277269995e+02
2.617803027556742101e-01,1.003529626947903921e+02
2.911467756393062700e+01,8.971083063882380770e+01
1.471898270701142941e+01,1.030824153953506794e+02
1.586665119115623845e+01,1.007092654354382546e+02
1.661513622504246257e+01,9.965981695788543959e+01
1.541233483548622196e+01,9.815573046112862698e+01
8.173538123725839100e+00,9.839654854283595853e+01
9.104595919817592531e+00,9.163503931891736443e+01
2.442433693849667975e+01,9.391040051650291787e+01
1.144324901758934132e+01,1.002593038086478288e+02
2.555760675531618986e+01,1.012997009329636882e+02
2.253637308396690742e+00,9.917367026389153750e+01
2.075315029110369469e-01,9.149702212866462503e+01
1.562046877550409363e+01,9.596539123080441414e+01
6.566541778816948671e+00,1.074840912504681398e+02
8.598544230042181269e+00,1.056353713692851386e+02
2.940623134876257438e+01,9.921412373511441274e+01
2.238754292235798360e+00,9.632646663417614263e+01
9.131861886720884058e+00,9.641406233614897303e+01
2.046937718907142312e+01,9.489667485051064943e+01
1.632353169283077321e+01,9.540410923855782244e+01
1.771637891719302971e+01,1.034823668952033273e+02
1.882395582442356385e+01,8.999746762845953185e+01
2.216658913424601707e+01,1.073674985491373235e+02
1.389959433545627787e+00,9.768599382725084013e+01
2.470330304221079132e+00,9.709542487823182455e+01
7.909884931238072348e+00,1.045794146215557134e+02
